d:\gplab\lab7solution\lab1\debug\vc142.pdb
d:\gplab\lab7solution\lab1\debug\vc142.idb
d:\gplab\lab7solution\lab1\debug\texture.obj
d:\gplab\lab7solution\lab1\debug\skybox.obj
d:\gplab\lab7solution\lab1\debug\shader.obj
d:\gplab\lab7solution\lab1\debug\obj_loader.obj
d:\gplab\lab7solution\lab1\debug\mesh.obj
d:\gplab\lab7solution\lab1\debug\maingame.obj
d:\gplab\lab7solution\lab1\debug\main.obj
d:\gplab\lab7solution\lab1\debug\display.obj
d:\gplab\lab7solution\lab1\debug\audio.obj
d:\gplab\lab7solution\lab1\debug\stb_image.obj
d:\gplab\lab7solution\debug\lab1.exe
d:\gplab\lab7solution\debug\lab1.ilk
d:\gplab\lab7solution\debug\lab1.pdb
d:\gplab\lab7solution\lab1\debug\lab1.tlog\cl.command.1.tlog
d:\gplab\lab7solution\lab1\debug\lab1.tlog\cl.read.1.tlog
d:\gplab\lab7solution\lab1\debug\lab1.tlog\cl.write.1.tlog
d:\gplab\lab7solution\lab1\debug\lab1.tlog\link.command.1.tlog
d:\gplab\lab7solution\lab1\debug\lab1.tlog\link.read.1.tlog
d:\gplab\lab7solution\lab1\debug\lab1.tlog\link.write.1.tlog
